[backblue.gif]
[fade.gif]
[index.html]
[biostat.jhsph.edu/_iruczins/index.html]
[biostat.jhsph.edu/_iruczins/html/contact.html]
[biostat.jhsph.edu/_iruczins/teaching/index.html]
[biostat.jhsph.edu/_iruczins/publications/index.html]
[biostat.jhsph.edu/_iruczins/software/index.html]
[biostat.jhsph.edu/_iruczins/teaching/kogo/index.html]
[biostat.jhsph.edu/_iruczins/teaching/260.655/index.html]
[biostat.jhsph.edu/_iruczins/teaching/140.652/index.html]
[biostat.jhsph.edu/_iruczins/teaching/140.751/index.html]
[biostat.jhsph.edu/_iruczins/teaching/140.752/index.html]
[biostat.jhsph.edu/_iruczins/teaching/390.672/index.html]
[biostat.jhsph.edu/_iruczins/teaching/140.615/index.html]
[biostat.jhsph.edu/_iruczins/teaching/misc/misc.html]
[biostat.jhsph.edu/_iruczins/software/phi.html]
[biostat.jhsph.edu/_iruczins/software/rosetta.html]
[biostat.jhsph.edu/_iruczins/teaching/kogo/html/materials.html]
[biostat.jhsph.edu/_iruczins/teaching/260.655/files/AT_pH5.html]
[biostat.jhsph.edu/_iruczins/teaching/260.655/files/AT_pH7.html]
[biostat.jhsph.edu/_iruczins/teaching/260.655/files/AT_pH7_5.html]
[biostat.jhsph.edu/_iruczins/teaching/260.655/links/l.ir1.html]
[biostat.jhsph.edu/_iruczins/teaching/260.655/links/l.ir2.html]
[biostat.jhsph.edu/_iruczins/teaching/260.655/links/l.ir3.html]
[biostat.jhsph.edu/_iruczins/teaching/140.751/hwk/hw1.R]
[biostat.jhsph.edu/_iruczins/teaching/260.655/links/l.ir4.html]
[biostat.jhsph.edu/_iruczins/teaching/140.652/code/code.html]
[biostat.jhsph.edu/_iruczins/teaching/140.751/hwk/hw2.R]
[biostat.jhsph.edu/_iruczins/teaching/140.652/supp18.html]
[biostat.jhsph.edu/_iruczins/teaching/140.751/info.html]
[biostat.jhsph.edu/_iruczins/teaching/cr/chuck.html]
[biostat.jhsph.edu/_iruczins/teaching/140.751/hwk/hw3.R]
[biostat.jhsph.edu/_iruczins/teaching/140.751/hwk/hw4.R]
[biostat.jhsph.edu/_iruczins/teaching/jf/ch7.pdf]
[biostat.jhsph.edu/_iruczins/teaching/jf/ch8.pdf]
[biostat.jhsph.edu/_iruczins/teaching/140.752/hwk/hw5.R]
[biostat.jhsph.edu/_iruczins/teaching/jf/ch9.pdf]
[biostat.jhsph.edu/_iruczins/teaching/jf/ch10.pdf]
[biostat.jhsph.edu/_iruczins/teaching/140.752/hwk/hw7.R]
[biostat.jhsph.edu/_iruczins/teaching/140.752/hwk/hw8.R]
[biostat.jhsph.edu/_iruczins/teaching/jf/ch11.pdf]
[biostat.jhsph.edu/_iruczins/teaching/jf/ch12.pdf]
[biostat.jhsph.edu/_iruczins/teaching/jf/ch13.pdf]
[biostat.jhsph.edu/_iruczins/teaching/jf/ch14.pdf]
[biostat.jhsph.edu/_iruczins/teaching/jf/ch15.pdf]
[biostat.jhsph.edu/_iruczins/teaching/jf/ch16.pdf]
[biostat.jhsph.edu/_iruczins/teaching/jf/cha.pdf]
[biostat.jhsph.edu/_iruczins/teaching/jf/faraway.html]
[biostat.jhsph.edu/_iruczins/teaching/140.652/code/code28.Rmd]
[biostat.jhsph.edu/_iruczins/teaching/140.652/code/code26.Rmd]
[biostat.jhsph.edu/_iruczins/teaching/140.652/code/code26.R]
[biostat.jhsph.edu/_iruczins/teaching/140.751/notes/ch1.pdf]
[biostat.jhsph.edu/_iruczins/teaching/140.751/notes/ch2.pdf]
[biostat.jhsph.edu/_iruczins/teaching/140.652/code/code22.Rmd]
[biostat.jhsph.edu/_iruczins/teaching/140.652/code/code22.R]
[biostat.jhsph.edu/_iruczins/teaching/140.751/notes/ch3.pdf]
[biostat.jhsph.edu/_iruczins/teaching/140.652/code/code21.Rmd]
[biostat.jhsph.edu/_iruczins/teaching/140.652/code/code21.R]
[biostat.jhsph.edu/_iruczins/teaching/140.751/notes/ch4.pdf]
[biostat.jhsph.edu/_iruczins/teaching/140.652/code/code18.Rmd]
[biostat.jhsph.edu/_iruczins/teaching/140.751/notes/ch5.pdf]
[biostat.jhsph.edu/_iruczins/teaching/140.652/code/code17.Rmd]
[biostat.jhsph.edu/_iruczins/teaching/140.652/code/code17.R]
[biostat.jhsph.edu/_iruczins/teaching/140.652/code/code18.R]
[biostat.jhsph.edu/_iruczins/teaching/140.751/notes/ch6.pdf]
[biostat.jhsph.edu/_iruczins/teaching/140.652/code/code16.Rmd]
[biostat.jhsph.edu/_iruczins/teaching/140.652/code/code16.R]
[biostat.jhsph.edu/_iruczins/teaching/140.751/notes/ch7.pdf]
[biostat.jhsph.edu/_iruczins/teaching/140.751/notes/ch8.pdf]
[biostat.jhsph.edu/_iruczins/teaching/140.652/code/code14.Rmd]
[biostat.jhsph.edu/_iruczins/teaching/140.751/notes/ch9.pdf]
[biostat.jhsph.edu/_iruczins/teaching/140.751/notes/ch10.pdf]
[biostat.jhsph.edu/_iruczins/teaching/140.751/notes/ch11.pdf]
[biostat.jhsph.edu/_iruczins/teaching/140.751/notes/notes.html]
[biostat.jhsph.edu/_iruczins/teaching/140.751/read/r1.html]
[biostat.jhsph.edu/_iruczins/teaching/140.751/read/r2.html]
[biostat.jhsph.edu/_iruczins/teaching/140.751/read/r3.html]
[biostat.jhsph.edu/_iruczins/teaching/140.751/read/r4.html]
[biostat.jhsph.edu/_iruczins/teaching/140.751/read/r5.html]
[biostat.jhsph.edu/_iruczins/teaching/140.751/read/r6.html]
[biostat.jhsph.edu/_iruczins/teaching/140.751/read/r7.html]
[biostat.jhsph.edu/_iruczins/teaching/140.751/read/r8.html]
[biostat.jhsph.edu/_iruczins/teaching/140.752/info.html]
[biostat.jhsph.edu/_iruczins/teaching/140.752/report/report.pdf]
[biostat.jhsph.edu/_iruczins/teaching/140.752/report/report.csv]
[biostat.jhsph.edu/_iruczins/teaching/140.752/report/index.html]
[biostat.jhsph.edu/_iruczins/teaching/140.752/notes/ch1.pdf]
[biostat.jhsph.edu/_iruczins/teaching/140.752/notes/ch2.pdf]
[biostat.jhsph.edu/_iruczins/teaching/140.752/notes/ch3.pdf]
[biostat.jhsph.edu/_iruczins/teaching/140.752/notes/ch4.pdf]
[biostat.jhsph.edu/_iruczins/teaching/140.752/notes/ch5.pdf]
[biostat.jhsph.edu/_iruczins/teaching/140.752/notes/ch6.pdf]
[biostat.jhsph.edu/_iruczins/teaching/140.752/notes/ch7.pdf]
[biostat.jhsph.edu/_iruczins/teaching/140.752/notes/ch8.pdf]
[biostat.jhsph.edu/_iruczins/teaching/140.752/notes/ch9.pdf]
[biostat.jhsph.edu/_iruczins/teaching/140.752/notes/ch10.pdf]
[biostat.jhsph.edu/_iruczins/teaching/140.752/notes/ch11.pdf]
[biostat.jhsph.edu/_iruczins/teaching/140.752/notes/ch12.pdf]
[biostat.jhsph.edu/_iruczins/teaching/140.752/notes/ch13.pdf]
[biostat.jhsph.edu/_iruczins/teaching/140.752/notes/ch14.pdf]
[biostat.jhsph.edu/_iruczins/teaching/140.752/notes/ch15.pdf]
[biostat.jhsph.edu/_iruczins/teaching/140.752/notes/ch16.pdf]
[biostat.jhsph.edu/_iruczins/teaching/140.752/notes/ch17.pdf]
[biostat.jhsph.edu/_iruczins/teaching/140.752/notes/ch18.pdf]
[biostat.jhsph.edu/_iruczins/teaching/140.752/notes/notes.html]
[biostat.jhsph.edu/_iruczins/teaching/140.752/read/r9.html]
[biostat.jhsph.edu/_iruczins/teaching/140.752/read/papers/silvey.1969.pdf]
[biostat.jhsph.edu/_iruczins/teaching/140.752/read/papers/box.1962.pdf]
[biostat.jhsph.edu/_iruczins/teaching/140.752/read/papers/box.1962.err.pdf]
[biostat.jhsph.edu/_iruczins/teaching/140.752/read/r10.html]
[biostat.jhsph.edu/_iruczins/teaching/140.752/read/r11.html]
[biostat.jhsph.edu/_iruczins/teaching/140.752/read/r12.html]
[biostat.jhsph.edu/_iruczins/teaching/140.752/read/r13.html]
[biostat.jhsph.edu/_iruczins/teaching/140.752/read/r14.html]
[biostat.jhsph.edu/_iruczins/teaching/140.752/read/r15.html]
[biostat.jhsph.edu/_iruczins/teaching/390.672/info.html]
[biostat.jhsph.edu/_iruczins/teaching/390.672/read/read.class7.html]
[biostat.jhsph.edu/_iruczins/teaching/390.672/read/read.class6.html]
[biostat.jhsph.edu/_iruczins/teaching/390.672/read/read.class5.html]
[biostat.jhsph.edu/_iruczins/teaching/390.672/read/read.class4.html]
[biostat.jhsph.edu/_iruczins/teaching/390.672/read/read.class3.html]
[biostat.jhsph.edu/_iruczins/teaching/390.672/read/read.class2.html]
[www.psychologicalscience.org/journals/pspi/pspi_8_2_article.121.delayed]
[biostat.jhsph.edu/_iruczins/teaching/390.672/read/read.class1.html]
[biostat.jhsph.edu/_iruczins/teaching/materials/notes/n.spd.pdf]
[biostat.jhsph.edu/_iruczins/teaching/materials/blueshim.gif]
[biostat.jhsph.edu/_iruczins/teaching/materials/notes/n.exp.pdf]
[biostat.jhsph.edu/_iruczins/teaching/materials/notes/n.sap.pdf]
[biostat.jhsph.edu/_iruczins/teaching/materials/prp/prp.sap.pdf]
[biostat.jhsph.edu/_iruczins/teaching/materials/han/han.sap.pdf]
[biostat.jhsph.edu/_iruczins/teaching/materials/notes/n.rvd.pdf]
[biostat.jhsph.edu/_iruczins/teaching/materials/han/han.rvd.pdf]
[biostat.jhsph.edu/_iruczins/teaching/materials/notes/n.mrv.pdf]
[biostat.jhsph.edu/_iruczins/teaching/materials/han/han.mrv.pdf]
[biostat.jhsph.edu/_iruczins/teaching/materials/notes/n.sad.pdf]
[biostat.jhsph.edu/_iruczins/teaching/materials/notes/n.cin.pdf]
[biostat.jhsph.edu/_iruczins/teaching/materials/han/han.cin.pdf]
[biostat.jhsph.edu/_iruczins/teaching/materials/notes/n.hyt.pdf]
[biostat.jhsph.edu/_iruczins/teaching/materials/han/han.hyt.pdf]
[biostat.jhsph.edu/_iruczins/teaching/materials/notes/n.ssp.pdf]
[biostat.jhsph.edu/_iruczins/teaching/materials/prp/prp.ssp.pdf]
[biostat.jhsph.edu/_iruczins/teaching/materials/notes/n.pnp.pdf]
[biostat.jhsph.edu/_iruczins/teaching/materials/notes/n.cip.pdf]
[biostat.jhsph.edu/_iruczins/teaching/materials/prp/prp.cip.pdf]
[biostat.jhsph.edu/_iruczins/teaching/materials/notes/n.mle.pdf]
[biostat.jhsph.edu/_iruczins/teaching/materials/prp/prp.mle.pdf]
[biostat.jhsph.edu/_iruczins/teaching/materials/notes/n.gof.pdf]
[biostat.jhsph.edu/_iruczins/teaching/materials/notes/n.cot.pdf]
[biostat.jhsph.edu/_iruczins/teaching/materials/notes/n.av1.pdf]
[biostat.jhsph.edu/_iruczins/teaching/materials/notes/n.av5.pdf]
[biostat.jhsph.edu/_iruczins/teaching/materials/notes/n.av8.pdf]
[biostat.jhsph.edu/_iruczins/teaching/materials/notes/n.av4.pdf]
[biostat.jhsph.edu/_iruczins/teaching/materials/notes/n.av6.pdf]
[biostat.jhsph.edu/_iruczins/teaching/materials/notes/n.av7.pdf]
[biostat.jhsph.edu/_iruczins/teaching/materials/notes/n.lm0.pdf]
[biostat.jhsph.edu/_iruczins/teaching/materials/notes/n.lm1.pdf]
[biostat.jhsph.edu/_iruczins/teaching/materials/notes/n.lm3.pdf]
[biostat.jhsph.edu/_iruczins/teaching/materials/notes/n.lm2.pdf]
[biostat.jhsph.edu/_iruczins/teaching/materials/notes/n.lm4.pdf]
[biostat.jhsph.edu/_iruczins/teaching/materials/notes/n.nlr.pdf]
[biostat.jhsph.edu/_iruczins/teaching/materials/notes/n.lor.pdf]
[biostat.jhsph.edu/_iruczins/teaching/materials/notes/n.sur.pdf]
[biostat.jhsph.edu/_iruczins/teaching/materials/notes/n.mco.pdf]
[biostat.jhsph.edu/_iruczins/teaching/materials/index.html]
[biostat.jhsph.edu/_iruczins/teaching/materials/code/hwk.template.Rmd]
[biostat.jhsph.edu/_iruczins/teaching/materials/code/hwk.template.pdf]
[biostat.jhsph.edu/_iruczins/teaching/Rresources/rstudio-ide.pdf]
[biostat.jhsph.edu/_iruczins/teaching/Rresources/rmarkdown.pdf]
[biostat.jhsph.edu/_iruczins/teaching/materials/code/rac/c.rac.Rmd]
[biostat.jhsph.edu/_iruczins/teaching/materials/code/spd/c.spd.Rmd]
[biostat.jhsph.edu/_iruczins/teaching/materials/code/rvd/c.rvd.Rmd]
[biostat.jhsph.edu/_iruczins/teaching/materials/code/rvd/c.rvd.a.Rmd]
[biostat.jhsph.edu/_iruczins/teaching/materials/code/sad/c.sad.Rmd]
[biostat.jhsph.edu/_iruczins/teaching/materials/code/cin/c.cin.Rmd]
[biostat.jhsph.edu/_iruczins/teaching/materials/code/cin/c.cin.a.Rmd]
[biostat.jhsph.edu/_iruczins/teaching/materials/code/hyt/c.hyt.Rmd]
[biostat.jhsph.edu/_iruczins/teaching/materials/code/ssp/c.ssp.Rmd]
[biostat.jhsph.edu/_iruczins/teaching/materials/code/ssp/c.ssp.a.Rmd]
[biostat.jhsph.edu/_iruczins/teaching/materials/code/pnp/c.pnp.Rmd]
[biostat.jhsph.edu/_iruczins/teaching/materials/code/pnp/c.pnp.a.Rmd]
[biostat.jhsph.edu/_iruczins/teaching/materials/code/cip/c.cip.Rmd]
[biostat.jhsph.edu/_iruczins/teaching/materials/code/mle/c.mle.Rmd]
[biostat.jhsph.edu/_iruczins/teaching/materials/code/mle/c.mle.a.Rmd]
[biostat.jhsph.edu/_iruczins/teaching/materials/code/gof/c.gof.Rmd]
[biostat.jhsph.edu/_iruczins/teaching/materials/code/gof/c.gof.a.Rmd]
[biostat.jhsph.edu/_iruczins/teaching/materials/code/cot/c.cot.Rmd]
[biostat.jhsph.edu/_iruczins/teaching/materials/code/av1/c.av1.Rmd]
[biostat.jhsph.edu/_iruczins/teaching/materials/code/av1/c.av1.a.Rmd]
[biostat.jhsph.edu/_iruczins/teaching/materials/code/av5/c.av5.Rmd]
[biostat.jhsph.edu/_iruczins/teaching/materials/code/av5/c.av5.a.Rmd]
[biostat.jhsph.edu/_iruczins/teaching/materials/code/av8/c.av8.Rmd]
[biostat.jhsph.edu/_iruczins/teaching/materials/code/av8/c.av8.a.Rmd]
[biostat.jhsph.edu/_iruczins/teaching/materials/code/av4/c.av4.Rmd]
[biostat.jhsph.edu/_iruczins/teaching/materials/code/av4/c.av4.a.Rmd]
[biostat.jhsph.edu/_iruczins/teaching/materials/code/av6/c.av6.Rmd]
[biostat.jhsph.edu/_iruczins/teaching/materials/code/av6/c.av6.a.Rmd]
[biostat.jhsph.edu/_iruczins/teaching/materials/code/av7/c.av7.Rmd]
[biostat.jhsph.edu/_iruczins/teaching/materials/code/lm0/c.lm0.Rmd]
[biostat.jhsph.edu/_iruczins/teaching/materials/code/lm1/c.lm1.Rmd]
[biostat.jhsph.edu/_iruczins/teaching/materials/code/lm1/c.lm1.a.Rmd]
[biostat.jhsph.edu/_iruczins/teaching/materials/code/lm3/c.lm3.Rmd]
[biostat.jhsph.edu/_iruczins/teaching/materials/code/lm3/c.lm3.a.Rmd]
[biostat.jhsph.edu/_iruczins/teaching/materials/code/lm2/c.lm2.Rmd]
[biostat.jhsph.edu/_iruczins/teaching/materials/code/lm2/c.lm2.a.Rmd]
[biostat.jhsph.edu/_iruczins/teaching/materials/code/lm4/c.lm4.Rmd]
[biostat.jhsph.edu/_iruczins/teaching/materials/code/lm4/c.lm4.a.Rmd]
[biostat.jhsph.edu/_iruczins/teaching/materials/code/nlr/c.nlr.Rmd]
[biostat.jhsph.edu/_iruczins/teaching/materials/code/nlr/c.nlr.a.Rmd]
[biostat.jhsph.edu/_iruczins/teaching/materials/code/lor/c.lor.Rmd]
[biostat.jhsph.edu/_iruczins/teaching/materials/code/lor/c.lor.a.Rmd]
[biostat.jhsph.edu/_iruczins/teaching/materials/code/sur/c.sur.Rmd]
[biostat.jhsph.edu/_iruczins/teaching/materials/code/me1/c.me1.Rmd]
[biostat.jhsph.edu/_iruczins/teaching/materials/code/me2/c.me2.Rmd]
[biostat.jhsph.edu/_iruczins/teaching/materials/code/mco/c.mco.Rmd]
[biostat.jhsph.edu/_iruczins/teaching/materials/code/mco/c.mco.a.Rmd]
[biostat.jhsph.edu/_iruczins/teaching/materials/code/erp/c.erp.Rmd]
[biostat.jhsph.edu/_iruczins/teaching/materials/code/pca/c.pca.Rmd]
[biostat.jhsph.edu/_iruczins/teaching/materials/code/code.html]
[biostat.jhsph.edu/_iruczins/teaching/140.615/html/index.homework.html]
[biostat.jhsph.edu/_iruczins/teaching/140.615/html/index.info.html]
[biostat.jhsph.edu/_iruczins/teaching/140.615/html/index.introcourses.html]
[biostat.jhsph.edu/_iruczins/teaching/140.615/html/index.summary.html]
[biostat.jhsph.edu/_iruczins/teaching/140.615/html/index.objectives.html]
[biostat.jhsph.edu/_iruczins/teaching/140.615/html/index.books.html]
[biostat.jhsph.edu/_iruczins/teaching/books/2019.openintro.statistics.pdf]
[biostat.jhsph.edu/_iruczins/teaching/140.615/html/index.todo.html]
[biostat.jhsph.edu/_iruczins/teaching/140.615/html/index.links.html]
[biostat.jhsph.edu/_iruczins/teaching/misc/annealing/slides.sim.anneal.pdf]
[biostat.jhsph.edu/_iruczins/teaching/misc/annealing/annealing.pdf]
[biostat.jhsph.edu/_iruczins/teaching/misc/annealing/annealing.html]
[biostat.jhsph.edu/_iruczins/teaching/misc/gwas/papers/pearson2008.pdf]
[biostat.jhsph.edu/_iruczins/teaching/misc/gwas/papers/devlin1995.pdf]
[biostat.jhsph.edu/_iruczins/teaching/misc/gwas/papers/hapmap2005.pdf]
[biostat.jhsph.edu/_iruczins/teaching/misc/gwas/papers/hapmap2007.pdf]
[biostat.jhsph.edu/_iruczins/teaching/misc/gwas/files/genotyping.pdf]
[biostat.jhsph.edu/_iruczins/teaching/misc/gwas/papers/affymetrix2006.pdf]
[biostat.jhsph.edu/_iruczins/teaching/misc/gwas/papers/carvalho2007.pdf]
[biostat.jhsph.edu/_iruczins/teaching/misc/gwas/papers/korn2008.pdf]
[biostat.jhsph.edu/_iruczins/teaching/misc/gwas/papers/risch1996.pdf]
[biostat.jhsph.edu/_iruczins/teaching/misc/gwas/papers/laird2006.pdf]
[biostat.jhsph.edu/_iruczins/teaching/misc/gwas/papers/laird2008.pdf]
[biostat.jhsph.edu/_iruczins/teaching/misc/gwas/papers/pritchard2000.pdf]
[biostat.jhsph.edu/_iruczins/teaching/misc/gwas/papers/rosenberg2002.pdf]
[biostat.jhsph.edu/_iruczins/teaching/misc/gwas/papers/devlin1999.pdf]
[biostat.jhsph.edu/_iruczins/teaching/misc/gwas/papers/price2006.pdf]
[biostat.jhsph.edu/_iruczins/teaching/misc/gwas/papers/novembre2008.pdf]
[biostat.jhsph.edu/_iruczins/teaching/misc/gwas/papers/neale2008.pdf]
[biostat.jhsph.edu/_iruczins/teaching/misc/gwas/papers/scheet2006.pdf]
[biostat.jhsph.edu/_iruczins/teaching/misc/gwas/papers/marchini2007.pdf]
[biostat.jhsph.edu/_iruczins/teaching/misc/gwas/papers/browning2007.pdf]
[biostat.jhsph.edu/_iruczins/teaching/misc/gwas/papers/huang2009.pdf]
[biostat.jhsph.edu/_iruczins/teaching/misc/gwas/papers/nothnagel2009.pdf]
[biostat.jhsph.edu/_iruczins/teaching/misc/gwas/papers/wtccc2007.pdf]
[biostat.jhsph.edu/_iruczins/teaching/misc/gwas/papers/wtccc2007S.pdf]
[biostat.jhsph.edu/_iruczins/teaching/misc/gwas/papers/bowcock2007.pdf]
[biostat.jhsph.edu/_iruczins/teaching/misc/gwas/papers/altshuler2007.pdf]
[biostat.jhsph.edu/_iruczins/teaching/misc/gwas/papers/balding2006.pdf]
[biostat.jhsph.edu/_iruczins/teaching/misc/gwas/papers/hunter2007.pdf]
[biostat.jhsph.edu/_iruczins/teaching/misc/gwas/papers/ziegler2008.pdf]
[biostat.jhsph.edu/_iruczins/teaching/misc/gwas/papers/manolio2008.pdf]
[biostat.jhsph.edu/_iruczins/teaching/misc/gwas/papers/homer2008.pdf]
[biostat.jhsph.edu/_iruczins/teaching/misc/gwas/gwas.html]
[biostat.jhsph.edu/_iruczins/teaching/misc/cart/kyph.att.car.q.txt]
[biostat.jhsph.edu/_iruczins/teaching/misc/cart/lbw.R]
[biostat.jhsph.edu/_iruczins/teaching/misc/cart/cart.html]
[biostat.jhsph.edu/_iruczins/teaching/misc/mars/mars.R]
[biostat.jhsph.edu/_iruczins/teaching/misc/mars/treeplot.jpg]
[biostat.jhsph.edu/_iruczins/teaching/misc/mars/mars.jpg]
[biostat.jhsph.edu/_iruczins/teaching/misc/mars/mars.html]
[biostat.jhsph.edu/_iruczins/teaching/misc/r.intro/ingo.R.pdf]
[biostat.jhsph.edu/_iruczins/teaching/misc/r.intro/index.html]
[biostat.jhsph.edu/_iruczins/teaching/misc/perl.n.prot/dbase4]
[biostat.jhsph.edu/_iruczins/teaching/misc/perl.n.prot/Data4.man]
[biostat.jhsph.edu/_iruczins/teaching/misc/perl.n.prot/Data4.1.man]
[biostat.jhsph.edu/_iruczins/teaching/misc/perl.n.prot/perl.pdf]
[biostat.jhsph.edu/_iruczins/teaching/misc/perl.n.prot/perl.html]
[biostat.jhsph.edu/_iruczins/software/phi/index.html]
[cdn.mathjax.org/mathjax/latest/MathJaxdda6.js]
[biostat.jhsph.edu/_iruczins/teaching/140.652/code/code28.html]
[biostat.jhsph.edu/_iruczins/teaching/140.652/code/code28-2.html]
[biostat.jhsph.edu/_iruczins/teaching/140.652/code/code26.html]
[biostat.jhsph.edu/_iruczins/teaching/140.652/code/code25.html]
[biostat.jhsph.edu/_iruczins/teaching/140.652/code/code25-2.html]
[biostat.jhsph.edu/_iruczins/teaching/140.652/code/code25-3.html]
[biostat.jhsph.edu/_iruczins/teaching/140.652/code/code22.html]
[biostat.jhsph.edu/_iruczins/teaching/140.652/code/code21.html]
[biostat.jhsph.edu/_iruczins/teaching/140.652/code/code19.html]
[biostat.jhsph.edu/_iruczins/teaching/140.652/code/code19-2.html]
[biostat.jhsph.edu/_iruczins/teaching/140.652/code/code19-3.html]
[biostat.jhsph.edu/_iruczins/teaching/140.652/code/code18.html]
[biostat.jhsph.edu/_iruczins/teaching/140.652/code/code17.html]
[biostat.jhsph.edu/_iruczins/teaching/140.652/code/code16.html]
[biostat.jhsph.edu/_iruczins/teaching/140.652/code/code14.html]
[biostat.jhsph.edu/_iruczins/teaching/140.615/data/il10.csv]
[biostat.jhsph.edu/_iruczins/teaching/140.652/code/code14-2.html]
[biostat.jhsph.edu/_iruczins/teaching/materials/read/r.msc/nature.png]
[www.biostat.wisc.edu/_kbroman/presentations/graphs2017.pdf]
[biostat.jhsph.edu/_iruczins/teaching/materials/read/r.spd.html]
[biostat.jhsph.edu/_iruczins/teaching/materials/read/r.exp.html]
[biostat.jhsph.edu/_iruczins/teaching/Rresources/simpleR.pdf]
[biostat.jhsph.edu/_iruczins/teaching/materials/read/r.sap.html]
[biostat.jhsph.edu/_iruczins/teaching/materials/read/r.rvd.html]
[biostat.jhsph.edu/_iruczins/teaching/materials/read/r.mrv.html]
[biostat.jhsph.edu/_iruczins/teaching/materials/read/r.sad.html]
[biostat.jhsph.edu/_iruczins/teaching/materials/read/r.cin.html]
[biostat.jhsph.edu/_iruczins/teaching/materials/read/r.hyt.html]
[biostat.jhsph.edu/_iruczins/teaching/materials/read/r.ssp.html]
[biostat.jhsph.edu/_iruczins/teaching/materials/read/r.pnp.html]
[biostat.jhsph.edu/_iruczins/teaching/materials/read/r.cip.html]
[biostat.jhsph.edu/_iruczins/teaching/materials/read/r.mle.html]
[biostat.jhsph.edu/_iruczins/teaching/materials/read/r.gof.html]
[biostat.jhsph.edu/_iruczins/teaching/materials/read/r.cot.html]
[biostat.jhsph.edu/_iruczins/teaching/materials/read/r.av1.html]
[biostat.jhsph.edu/_iruczins/teaching/materials/read/r.av5.html]
[biostat.jhsph.edu/_iruczins/teaching/materials/read/r.av8.html]
[biostat.jhsph.edu/_iruczins/teaching/materials/read/r.av4.html]
[biostat.jhsph.edu/_iruczins/teaching/materials/read/r.av6.html]
[biostat.jhsph.edu/_iruczins/teaching/materials/read/r.av7.html]
[biostat.jhsph.edu/_iruczins/teaching/materials/read/r.lm0.html]
[biostat.jhsph.edu/_iruczins/teaching/materials/read/r.lm1.html]
[biostat.jhsph.edu/_iruczins/teaching/materials/read/r.lm2/example1.png]
[biostat.jhsph.edu/_iruczins/teaching/materials/read/r.lm2/example2.png]
[biostat.jhsph.edu/_iruczins/teaching/materials/read/r.lm2/example3.png]
[biostat.jhsph.edu/_iruczins/teaching/materials/read/r.lm2/example4.png]
[biostat.jhsph.edu/_iruczins/teaching/materials/read/r.lm2.html]
[biostat.jhsph.edu/_iruczins/teaching/materials/read/r.lm4.html]
[biostat.jhsph.edu/_iruczins/teaching/materials/read/r.nlr.html]
[biostat.jhsph.edu/_iruczins/teaching/materials/read/r.lor.html]
[biostat.jhsph.edu/_iruczins/teaching/materials/read/r.sur.html]
[mathjax.rstudio.com/2.7.9/MathJaxdda6.js]
[biostat.jhsph.edu/_iruczins/teaching/materials/code/me1/c.me1.html]
[biostat.jhsph.edu/_iruczins/teaching/materials/code/me2/c.me2.html]
[biostat.jhsph.edu/_iruczins/teaching/materials/read/r01.eqtl.pdf]
[biostat.jhsph.edu/_iruczins/teaching/materials/read/r.mco.html]
[biostat.jhsph.edu/_iruczins/teaching/materials/notes/n.eba.pdf]
[biostat.jhsph.edu/_iruczins/teaching/materials/notes/n.erp.pdf]
[biostat.jhsph.edu/_iruczins/teaching/materials/notes/n.pca.pdf]
[biostat.jhsph.edu/_iruczins/teaching/materials/notes/n.msc.html]
[biostat.jhsph.edu/_iruczins/teaching/materials/read/r.msc/pcaTutorial.pdf]
[biostat.jhsph.edu/_iruczins/teaching/materials/read/r.msc/Ch_principal_components_analysis.pdf]
[biostat.jhsph.edu/_iruczins/teaching/materials/read/r.msc/novembre.jpg]
[biostat.jhsph.edu/_iruczins/teaching/materials/read/r.msc.html]
[biostat.jhsph.edu/_iruczins/teaching/Rresources/ml_rstudio.mp4]
[cran.r-project.org/doc/contrib/Short-refcard.pdf]
[cran.r-project.org/doc/contrib/Torfs+Brauer-Short-R-Intro.pdf]
[biostat.jhsph.edu/_iruczins/teaching/Rresources/Rresources.html]
[biostat.jhsph.edu/_iruczins/teaching/materials/code/rac/c.rac.html]
[biostat.jhsph.edu/_iruczins/teaching/materials/code/spd/c.spd.html]
[biostat.jhsph.edu/_iruczins/teaching/materials/code/rvd/c.rvd.html]
[biostat.jhsph.edu/_iruczins/teaching/materials/code/rvd/c.rvd.a.html]
[biostat.jhsph.edu/_iruczins/teaching/materials/code/sad/c.sad.html]
[biostat.jhsph.edu/_iruczins/teaching/materials/code/cin/c.cin.html]
[biostat.jhsph.edu/_iruczins/teaching/materials/code/cin/c.cin.a.html]
[biostat.jhsph.edu/_iruczins/teaching/materials/code/hyt/c.hyt.html]
[biostat.jhsph.edu/_iruczins/teaching/materials/code/hyt/c.hyt.a.html]
[biostat.jhsph.edu/_iruczins/teaching/materials/code/hyt/c.hyt.a-2.html]
[biostat.jhsph.edu/_iruczins/teaching/materials/code/ssp/c.ssp.html]
[biostat.jhsph.edu/_iruczins/teaching/materials/code/ssp/c.ssp.a.html]
[biostat.jhsph.edu/_iruczins/teaching/materials/code/pnp/c.pnp.html]
[biostat.jhsph.edu/_iruczins/teaching/materials/code/pnp/c.pnp.a.html]
[biostat.jhsph.edu/_iruczins/teaching/materials/code/cip/c.cip.html]
[biostat.jhsph.edu/_iruczins/teaching/materials/code/mle/c.mle.html]
[biostat.jhsph.edu/_iruczins/teaching/materials/code/mle/c.mle.a.html]
[biostat.jhsph.edu/_iruczins/teaching/materials/code/gof/c.gof.html]
[biostat.jhsph.edu/_iruczins/teaching/materials/code/gof/c.gof.a.html]
[biostat.jhsph.edu/_iruczins/teaching/materials/code/cot/c.cot.html]
[biostat.jhsph.edu/_iruczins/teaching/materials/code/av1/c.av1.html]
[biostat.jhsph.edu/_iruczins/teaching/materials/code/av1/c.av1.a.html]
[biostat.jhsph.edu/_iruczins/teaching/materials/code/av5/c.av5.html]
[biostat.jhsph.edu/_iruczins/teaching/materials/code/av5/c.av5.a.html]
[biostat.jhsph.edu/_iruczins/teaching/materials/code/av8/c.av8.html]
[biostat.jhsph.edu/_iruczins/teaching/materials/code/av8/c.av8.a.html]
[biostat.jhsph.edu/_iruczins/teaching/materials/code/av4/c.av4.html]
[biostat.jhsph.edu/_iruczins/teaching/materials/code/av4/c.av4.a.html]
[biostat.jhsph.edu/_iruczins/teaching/materials/code/av6/c.av6.html]
[biostat.jhsph.edu/_iruczins/teaching/materials/code/av6/c.av6.a.html]
[biostat.jhsph.edu/_iruczins/teaching/materials/code/av7/c.av7.html]
[biostat.jhsph.edu/_iruczins/teaching/materials/code/lm0/c.lm0.html]
[biostat.jhsph.edu/_iruczins/teaching/materials/code/lm1/c.lm1.html]
[biostat.jhsph.edu/_iruczins/teaching/materials/code/lm1/c.lm1.a.html]
[biostat.jhsph.edu/_iruczins/teaching/materials/code/lm3/c.lm3.html]
[biostat.jhsph.edu/_iruczins/teaching/materials/code/lm3/c.lm3.a.html]
[biostat.jhsph.edu/_iruczins/teaching/materials/code/lm2/c.lm2.html]
[biostat.jhsph.edu/_iruczins/teaching/materials/code/lm2/c.lm2.a.html]
[biostat.jhsph.edu/_iruczins/teaching/materials/code/lm4/c.lm4.html]
[biostat.jhsph.edu/_iruczins/teaching/materials/code/lm4/c.lm4.a.html]
[biostat.jhsph.edu/_iruczins/teaching/materials/code/nlr/c.nlr.html]
[biostat.jhsph.edu/_iruczins/teaching/materials/code/nlr/c.nlr.a.html]
[biostat.jhsph.edu/_iruczins/teaching/materials/code/lor/c.lor.html]
[biostat.jhsph.edu/_iruczins/teaching/materials/code/lor/c.lor.a.html]
[biostat.jhsph.edu/_iruczins/teaching/materials/code/sur/c.sur.html]
[biostat.jhsph.edu/_iruczins/teaching/materials/code/mco/c.mco.html]
[biostat.jhsph.edu/_iruczins/teaching/materials/code/mco/c.mco.a.html]
[biostat.jhsph.edu/_iruczins/teaching/materials/code/erp/c.erp.html]
[biostat.jhsph.edu/_iruczins/teaching/materials/code/pca/c.pca.html]
[biostat.jhsph.edu/_iruczins/teaching/140.615/html/syllabus.140.615.html]
[biostat.jhsph.edu/_iruczins/teaching/140.615/html/syllabus.140.616.html]
[biostat.jhsph.edu/_iruczins/teaching/materials/code/test.html]
[biostat.jhsph.edu/_iruczins/teaching/practice/eg.pdf]
[biostat.jhsph.edu/_iruczins/teaching/practice/eg.sol.pdf]
[biostat.jhsph.edu/_iruczins/teaching/practice/practice.html]
[biostat.jhsph.edu/_iruczins/teaching/misc/annealing/anneal.gif]
[biostat.jhsph.edu/_iruczins/teaching/misc/annealing/animation.html]
[biostat.jhsph.edu/_iruczins/teaching/misc/cart/lbw.html]
[biostat.jhsph.edu/_iruczins/teaching/misc/perl.n.prot/getPdb.html]
[biostat.jhsph.edu/_iruczins/teaching/misc/perl.n.prot/subroutines.html]
[biostat.jhsph.edu/_iruczins/publications/publications.html]
[biostat.jhsph.edu/_iruczins/teaching/140.652/code/il10).html]
[biostat.jhsph.edu/_iruczins/teaching/materials/code/me1/GET.html]
[biostat.jhsph.edu/_iruczins/teaching/materials/code/me2/GET.html]
[biostat.jhsph.edu/_iruczins/teaching/materials/code/rac/GET.html]
[biostat.jhsph.edu/_iruczins/teaching/materials/code/spd/GET.html]
[biostat.jhsph.edu/_iruczins/teaching/materials/code/rvd/GET.html]
[biostat.jhsph.edu/_iruczins/teaching/materials/code/sad/GET.html]
[biostat.jhsph.edu/_iruczins/teaching/materials/code/cin/GET.html]
[biostat.jhsph.edu/_iruczins/teaching/materials/code/hyt/GET.html]
[biostat.jhsph.edu/_iruczins/teaching/materials/code/ssp/GET.html]
[biostat.jhsph.edu/_iruczins/teaching/materials/code/pnp/GET.html]
[biostat.jhsph.edu/_iruczins/teaching/materials/code/cot/GET.html]
[biostat.jhsph.edu/_iruczins/teaching/materials/code/av1/GET.html]
[biostat.jhsph.edu/_iruczins/teaching/materials/code/av5/GET.html]
[biostat.jhsph.edu/_iruczins/teaching/materials/code/av8/GET.html]
[biostat.jhsph.edu/_iruczins/teaching/materials/code/av4/GET.html]
[biostat.jhsph.edu/_iruczins/teaching/materials/code/av6/GET.html]
[biostat.jhsph.edu/_iruczins/teaching/materials/code/av7/GET.html]
[biostat.jhsph.edu/_iruczins/teaching/materials/code/lm0/GET.html]
[biostat.jhsph.edu/_iruczins/teaching/materials/code/lm3/GET.html]
[biostat.jhsph.edu/_iruczins/teaching/materials/code/lm2/GET.html]
[biostat.jhsph.edu/_iruczins/teaching/materials/code/lm4/GET.html]
[biostat.jhsph.edu/_iruczins/teaching/materials/code/nlr/GET.html]
[biostat.jhsph.edu/_iruczins/teaching/materials/code/lor/GET.html]
[biostat.jhsph.edu/_iruczins/teaching/materials/code/pca/GET.html]
[biostat.jhsph.edu/_iruczins/teaching/practice/larget/hw02.pdf]
[biostat.jhsph.edu/_iruczins/teaching/practice/larget/hw02-sol.pdf]
[biostat.jhsph.edu/_iruczins/teaching/practice/larget/hw03.pdf]
[biostat.jhsph.edu/_iruczins/teaching/practice/larget/hw03-sol.pdf]
[biostat.jhsph.edu/_iruczins/teaching/practice/larget/hw04.pdf]
[biostat.jhsph.edu/_iruczins/teaching/practice/larget/hw04-sol.pdf]
[biostat.jhsph.edu/_iruczins/teaching/practice/larget/hw05.pdf]
[biostat.jhsph.edu/_iruczins/teaching/practice/larget/hw05-sol.pdf]
[biostat.jhsph.edu/_iruczins/teaching/practice/larget/prob.R]
[biostat.jhsph.edu/_iruczins/teaching/practice/larget/hw06.pdf]
[biostat.jhsph.edu/_iruczins/teaching/practice/larget/hw06-sol.pdf]
[biostat.jhsph.edu/_iruczins/teaching/practice/larget/hw07.pdf]
[biostat.jhsph.edu/_iruczins/teaching/practice/larget/hw07-sol.pdf]
[biostat.jhsph.edu/_iruczins/teaching/practice/larget/hw08.pdf]
[biostat.jhsph.edu/_iruczins/teaching/practice/larget/hw08-sol.pdf]
[biostat.jhsph.edu/_iruczins/teaching/practice/larget/hw09.pdf]
[biostat.jhsph.edu/_iruczins/teaching/practice/larget/hw09-sol.pdf]
[biostat.jhsph.edu/_iruczins/teaching/practice/larget/hw10.pdf]
[biostat.jhsph.edu/_iruczins/teaching/practice/larget/hw10-sol.pdf]
[biostat.jhsph.edu/_iruczins/teaching/practice/larget/hw11.pdf]
[biostat.jhsph.edu/_iruczins/teaching/practice/larget/hw11-sol.pdf]
[biostat.jhsph.edu/_iruczins/teaching/practice/larget/hw12.pdf]
[biostat.jhsph.edu/_iruczins/teaching/practice/larget/hw12-sol.pdf]
[biostat.jhsph.edu/_iruczins/teaching/practice/larget/anova.pdf]
[biostat.jhsph.edu/_iruczins/teaching/practice/larget/11-31.txt]
[biostat.jhsph.edu/_iruczins/teaching/practice/larget/hw13.pdf]
[biostat.jhsph.edu/_iruczins/teaching/practice/larget/hw13-sol.pdf]
[biostat.jhsph.edu/_iruczins/teaching/practice/larget/12-4.txt]
[biostat.jhsph.edu/_iruczins/teaching/practice/larget/exam1a-sol.pdf]
[biostat.jhsph.edu/_iruczins/teaching/practice/larget/exam1b-sol.pdf]
[biostat.jhsph.edu/_iruczins/teaching/practice/larget/exam1c-sol.pdf]
[biostat.jhsph.edu/_iruczins/teaching/practice/larget/exam2c-sol.pdf]
[biostat.jhsph.edu/_iruczins/teaching/practice/larget/exam1d-sol.pdf]
[biostat.jhsph.edu/_iruczins/teaching/practice/larget/exam2d-sol.pdf]
[biostat.jhsph.edu/_iruczins/teaching/practice/larget/exam1e-sol.pdf]
[biostat.jhsph.edu/_iruczins/teaching/practice/larget/exam2e-sol.pdf]
[biostat.jhsph.edu/_iruczins/teaching/practice/larget/exam3e-sol.pdf]
[biostat.jhsph.edu/_iruczins/teaching/practice/larget/exam2f-sol.pdf]
[biostat.jhsph.edu/_iruczins/teaching/practice/larget/exam3f-sol.pdf]
[biostat.jhsph.edu/_iruczins/teaching/practice/larget/exam2g-sol.pdf]
[biostat.jhsph.edu/_iruczins/teaching/practice/larget/exam3g-sol.pdf]
[biostat.jhsph.edu/_iruczins/teaching/practice/larget/exam4g-sol.pdf]
[biostat.jhsph.edu/_iruczins/teaching/practice/larget/exam2h-sol.pdf]
[biostat.jhsph.edu/_iruczins/teaching/practice/larget/exam3h-sol.pdf]
[biostat.jhsph.edu/_iruczins/teaching/practice/larget/exam4h-sol.pdf]
[biostat.jhsph.edu/_iruczins/teaching/practice/larget/exam2i.pdf]
[biostat.jhsph.edu/_iruczins/teaching/practice/larget/exam3i.pdf]
[biostat.jhsph.edu/_iruczins/teaching/practice/larget/exam4i.pdf]
[biostat.jhsph.edu/_iruczins/teaching/practice/larget/larget.html]
[biostat.jhsph.edu/_iruczins/teaching/practice/larget/allocate.html]
[biostat.jhsph.edu/_iruczins/teaching/practice/larget/example13.html]
[biostat.jhsph.edu/_iruczins/urlfrog.ico]
[biostat.jhsph.edu/_iruczins/html/ruczinski.cv.pdf]
[biostat.jhsph.edu/_iruczins/gif/froggie2.jpg]
[biostat.jhsph.edu/_iruczins/ingo.css]
[www.uv.es/bernardo/bayes9.pdf]
[biostat.jhsph.edu/_iruczins/teaching/kogo/notes/n.introstatgenomics.pdf]
[biostat.jhsph.edu/_iruczins/teaching/kogo/index.html]
[biostat.jhsph.edu/_iruczins/teaching/kogo/jpg/pdf.logo.jpg]
[biostat.jhsph.edu/_iruczins/teaching/kogo/notes/n.summarizing.pdf]
[biostat.jhsph.edu/_iruczins/teaching/kogo/notes/n.statmodel.twogroup.pdf]
[biostat.jhsph.edu/_iruczins/ingo.frame.css]
[biostat.jhsph.edu/_iruczins/teaching/kogo/notes/n.multiplecomp.pdf]
[biostat.jhsph.edu/_iruczins/teaching/kogo/notes/n.diffexpression.pdf]
[biostat.jhsph.edu/_iruczins/teaching/kogo/notes/n.pathway.genesets.pdf]
[biostat.jhsph.edu/_iruczins/software/phi.html]
[biostat.jhsph.edu/_iruczins/teaching/kogo/notes/n.design.batch.pdf]
[biostat.jhsph.edu/_iruczins/teaching/kogo/ingo.css]
[biostat.jhsph.edu/_iruczins/teaching/kogo/notes/n.dimensionreduction.pdf]
[biostat.jhsph.edu/_iruczins/teaching/kogo/notes/n.batcheffects.pdf]
[biostat.jhsph.edu/_iruczins/teaching/kogo/notes/n.statmodel.linearmodels.pdf]
[biostat.jhsph.edu/_iruczins/teaching/kogo/notes/n.statmodel.preprocessing.pdf]
[biostat.jhsph.edu/_iruczins/teaching/260.655/final.takehome.doc]
[biostat.jhsph.edu/_iruczins/teaching/260.655/final.takehome.pdf]
[biostat.jhsph.edu/_iruczins/teaching/260.655/transparent.gif]
[biostat.jhsph.edu/_iruczins/teaching/260.655/notes/pevsner1.3.pdf]
[biostat.jhsph.edu/_iruczins/teaching/260.655/blueshim.gif]
[biostat.jhsph.edu/_iruczins/teaching/260.655/notes/pevsner2.3.pdf]
[biostat.jhsph.edu/_iruczins/teaching/260.655/notes/prigge1.3.pdf]
[biostat.jhsph.edu/_iruczins/teaching/260.655/hwk/hwk1.pdf]
[biostat.jhsph.edu/_iruczins/teaching/260.655/han/han.prigge1.pdf]
[biostat.jhsph.edu/_iruczins/teaching/260.655/notes/prigge2.3.pdf]
[biostat.jhsph.edu/_iruczins/teaching/260.655/hwk/hwk2.pdf]
[biostat.jhsph.edu/_iruczins/teaching/260.655/han/han.prigge2.pdf]
[biostat.jhsph.edu/_iruczins/teaching/260.655/han/han.prigge3.pdf]
[biostat.jhsph.edu/_iruczins/teaching/260.655/han/Cn3D-4.1.OSX.zip]
[biostat.jhsph.edu/_iruczins/teaching/260.655/notes/prigge3.3.pdf]
[biostat.jhsph.edu/_iruczins/teaching/260.655/notes/prigge3.1.pdf]
[biostat.jhsph.edu/_iruczins/teaching/260.655/hwk/hwk3.pdf]
[biostat.jhsph.edu/_iruczins/teaching/260.655/notes/prigge4.3.pdf]
[biostat.jhsph.edu/_iruczins/teaching/260.655/notes/prigge4.1.pdf]
[biostat.jhsph.edu/_iruczins/teaching/260.655/hwk/hwk4.pdf]
[biostat.jhsph.edu/_iruczins/teaching/260.655/han/han.prigge4.pdf]
[biostat.jhsph.edu/_iruczins/teaching/260.655/notes/cole1.3.pdf]
[biostat.jhsph.edu/_iruczins/teaching/260.655/notes/cole1.1.pdf]
[biostat.jhsph.edu/_iruczins/teaching/260.655/notes/bosch1.3.pdf]
[biostat.jhsph.edu/_iruczins/teaching/260.655/notes/bosch1.1.pdf]
[biostat.jhsph.edu/_iruczins/teaching/260.655/hwk/hwk5.pdf]
[biostat.jhsph.edu/_iruczins/teaching/260.655/files/overview.jpg]
[biostat.jhsph.edu/_iruczins/teaching/260.655/notes/ruczinski1.3.pdf]
[biostat.jhsph.edu/_iruczins/teaching/260.655/notes/ruczinski1.1.pdf]
[biostat.jhsph.edu/_iruczins/teaching/260.655/notes/ruczinski2.3.pdf]
[biostat.jhsph.edu/_iruczins/teaching/260.655/notes/ruczinski2.1.pdf]
[biostat.jhsph.edu/_iruczins/teaching/260.655/files/AT_pH5.html]
[biostat.jhsph.edu/_iruczins/teaching/260.655/notes/ruczinski3.3.pdf]
[biostat.jhsph.edu/_iruczins/teaching/260.655/notes/ruczinski3.1.pdf]
[biostat.jhsph.edu/_iruczins/teaching/260.655/notes/ruczinski4.3.pdf]
[biostat.jhsph.edu/_iruczins/teaching/260.655/links/l.ir1.html]
[biostat.jhsph.edu/_iruczins/teaching/260.655/notes/ruczinski4.1.pdf]
[biostat.jhsph.edu/_iruczins/teaching/260.655/hwk/hwk.extra.pdf]
[biostat.jhsph.edu/_iruczins/teaching/260.655/misc/iTraq.jpg]
[biostat.jhsph.edu/_iruczins/teaching/260.655/links/l.ir2.html]
[biostat.jhsph.edu/_iruczins/teaching/260.655/misc/example.doc]
[biostat.jhsph.edu/_iruczins/teaching/140.652/lecture28.pdf]
[biostat.jhsph.edu/_iruczins/teaching/260.655/links/l.ir3.html]
[biostat.jhsph.edu/_iruczins/teaching/140.652/blueshim.gif]
[biostat.jhsph.edu/_iruczins/teaching/140.652/supp28.pdf]
[biostat.jhsph.edu/_iruczins/teaching/140.652/lecture27.pdf]
[biostat.jhsph.edu/_iruczins/teaching/260.655/links/l.ir4.html]
[biostat.jhsph.edu/_iruczins/teaching/140.652/lecture26.pdf]
[biostat.jhsph.edu/_iruczins/teaching/140.652/supp26.pdf]
[biostat.jhsph.edu/_iruczins/teaching/140.652/lecture25.pdf]
[biostat.jhsph.edu/_iruczins/teaching/140.652/ingo.css]
[biostat.jhsph.edu/_iruczins/teaching/140.652/supp25.pdf]
[biostat.jhsph.edu/_iruczins/teaching/140.652/lecture24.pdf]
[biostat.jhsph.edu/_iruczins/teaching/140.652/lecture23.pdf]
[biostat.jhsph.edu/_iruczins/teaching/140.652/code/code.html]
[biostat.jhsph.edu/_iruczins/teaching/140.652/supp23.pdf]
[biostat.jhsph.edu/_iruczins/teaching/140.652/lecture22.pdf]
[biostat.jhsph.edu/_iruczins/teaching/140.652/supp22.pdf]
[biostat.jhsph.edu/_iruczins/teaching/140.652/lecture21.pdf]
[biostat.jhsph.edu/_iruczins/teaching/140.652/supp21.pdf]
[biostat.jhsph.edu/_iruczins/teaching/140.652/lecture20.pdf]
[biostat.jhsph.edu/_iruczins/teaching/140.652/supp20.pdf]
[biostat.jhsph.edu/_iruczins/teaching/140.652/lecture19.pdf]
[biostat.jhsph.edu/_iruczins/teaching/140.652/lecture18.pdf]
[biostat.jhsph.edu/_iruczins/teaching/140.652/lecture17.pdf]
[biostat.jhsph.edu/_iruczins/teaching/140.652/supp17.pdf]
[biostat.jhsph.edu/_iruczins/teaching/140.652/lecture16.pdf]
[biostat.jhsph.edu/_iruczins/teaching/140.652/supp16.pdf]
[biostat.jhsph.edu/_iruczins/teaching/140.652/lecture15.pdf]
[biostat.jhsph.edu/_iruczins/teaching/140.652/supp15.pdf]
[biostat.jhsph.edu/_iruczins/teaching/140.652/lecture14.pdf]
[biostat.jhsph.edu/_iruczins/teaching/140.652/supp14.pdf]
[cran.r-project.org/doc/manuals/R-intro.pdf]
[biostat.jhsph.edu/_iruczins/teaching/140.751/ingo.R.pdf]
[biostat.jhsph.edu/_iruczins/teaching/140.751/ingo.css]
[biostat.jhsph.edu/_iruczins/teaching/140.751/transparent.gif]
[biostat.jhsph.edu/_iruczins/teaching/140.751/blueshim.gif]
[biostat.jhsph.edu/_iruczins/teaching/140.751/hwk/hw1.pdf]
[biostat.jhsph.edu/_iruczins/teaching/140.751/read/r4.html]
[biostat.jhsph.edu/_iruczins/teaching/140.751/hwk/hw2.pdf]
[biostat.jhsph.edu/_iruczins/teaching/140.751/read/r6.html]
[biostat.jhsph.edu/_iruczins/teaching/140.751/hwk/hw3.pdf]
[biostat.jhsph.edu/_iruczins/teaching/140.751/read/r8.html]
[biostat.jhsph.edu/_iruczins/teaching/140.751/hwk/hw4.pdf]
[biostat.jhsph.edu/_iruczins/teaching/140.752/ingo.css]
[biostat.jhsph.edu/_iruczins/teaching/140.752/list.pdf]
[biostat.jhsph.edu/_iruczins/teaching/140.752/transparent.gif]
[biostat.jhsph.edu/_iruczins/teaching/140.752/blueshim.gif]
[biostat.jhsph.edu/_iruczins/teaching/140.752/hwk/hw5.pdf]
[biostat.jhsph.edu/_iruczins/teaching/140.752/read/r11.html]
[biostat.jhsph.edu/_iruczins/teaching/140.752/hwk/hw6.pdf]
[biostat.jhsph.edu/_iruczins/teaching/140.752/hwk/hw7.pdf]
[biostat.jhsph.edu/_iruczins/teaching/140.752/read/r15.html]
[biostat.jhsph.edu/_iruczins/teaching/140.752/hwk/hw8.pdf]
[biostat.jhsph.edu/_iruczins/teaching/ingo.css]
[biostat.jhsph.edu/_iruczins/teaching/390.672/hwk/final.pdf]
[biostat.jhsph.edu/_iruczins/teaching/390.672/notes/notes.class7.pdf]
[biostat.jhsph.edu/_iruczins/teaching/390.672/blueshim.gif]
[biostat.jhsph.edu/_iruczins/teaching/390.672/notes/notes.class6.pdf]
[biostat.jhsph.edu/_iruczins/teaching/390.672/notes/notes.class5.pdf]
[biostat.jhsph.edu/_iruczins/teaching/390.672/hwk/hwk5.pdf]
[biostat.jhsph.edu/_iruczins/teaching/390.672/notes/notes.class4.pdf]
[biostat.jhsph.edu/_iruczins/teaching/390.672/hwk/hwk4.pdf]
[biostat.jhsph.edu/_iruczins/teaching/390.672/notes/notes.class3.pdf]
[biostat.jhsph.edu/_iruczins/teaching/390.672/hwk/hwk3.pdf]
[biostat.jhsph.edu/_iruczins/teaching/390.672/notes/notes.class2.pdf]
[biostat.jhsph.edu/_iruczins/teaching/390.672/hwk/hwk2.pdf]
[biostat.jhsph.edu/_iruczins/teaching/390.672/notes/notes.class1.pdf]
[biostat.jhsph.edu/_iruczins/teaching/390.672/hwk/hwk1.pdf]
[biostat.jhsph.edu/_iruczins/teaching/misc/notes.bio.pdf]
[biostat.jhsph.edu/_iruczins/teaching/misc/ruczinski.ph.perspectives.pdf]
[biostat.jhsph.edu/_iruczins/software/phi/index.html]
[biostat.jhsph.edu/_iruczins/teaching/260.655/ingo.css]
[biostat.jhsph.edu/_iruczins/teaching/260.655/links/pdbformat.pdf]
[biostat.jhsph.edu/_iruczins/teaching/140.652/code/code28-2.html]
[biostat.jhsph.edu/_iruczins/teaching/140.652/code/code25.html]
[biostat.jhsph.edu/_iruczins/teaching/140.652/code/code21.html]
[biostat.jhsph.edu/_iruczins/teaching/140.652/code/code19.html]
[biostat.jhsph.edu/_iruczins/teaching/140.652/code/code17.html]
[biostat.jhsph.edu/_iruczins/teaching/140.652/code/code16.html]
[biostat.jhsph.edu/_iruczins/teaching/140.652/code/code14.html]
[biostat.jhsph.edu/_iruczins/teaching/140.652/code/code14-2.html]
[biostat.jhsph.edu/_iruczins/teaching/140.652/supp18.pdf]
[biostat.jhsph.edu/_iruczins/teaching/140.652/supp18.ebayes.normal.pdf]
[biostat.jhsph.edu/_iruczins/teaching/cr/ingo.css]
[biostat.jhsph.edu/_iruczins/teaching/cr/cr.intro.pdf]
[biostat.jhsph.edu/_iruczins/teaching/cr/blueshim.gif]
[biostat.jhsph.edu/_iruczins/teaching/cr/cr.1.1-6.pdf]
[biostat.jhsph.edu/_iruczins/teaching/cr/cr.2.7-57.pdf]
[biostat.jhsph.edu/_iruczins/teaching/cr/cr.2.58-59.pdf]
[biostat.jhsph.edu/_iruczins/teaching/cr/cr.2.60-63.pdf]
[biostat.jhsph.edu/_iruczins/teaching/cr/cr.2.64-72.pdf]
[biostat.jhsph.edu/_iruczins/teaching/cr/cr.3.73-85.pdf]
[biostat.jhsph.edu/_iruczins/teaching/cr/cr.3.86-115.pdf]
[biostat.jhsph.edu/_iruczins/teaching/cr/cr.3.116-156.pdf]
[biostat.jhsph.edu/_iruczins/teaching/cr/cr.4.157-204.pdf]
[biostat.jhsph.edu/_iruczins/teaching/cr/cr.4.205-278.pdf]
[biostat.jhsph.edu/_iruczins/teaching/jf/ingo.css]
[biostat.jhsph.edu/_iruczins/teaching/jf/chp.pdf]
[biostat.jhsph.edu/_iruczins/teaching/jf/blueshim.gif]
[biostat.jhsph.edu/_iruczins/teaching/jf/ch1.pdf]
[biostat.jhsph.edu/_iruczins/teaching/jf/ch2.pdf]
[biostat.jhsph.edu/_iruczins/teaching/jf/ch3.pdf]
[biostat.jhsph.edu/_iruczins/teaching/jf/ch4.pdf]
[biostat.jhsph.edu/_iruczins/teaching/jf/ch5.pdf]
[biostat.jhsph.edu/_iruczins/teaching/jf/ch6.pdf]
[biostat.jhsph.edu/_iruczins/teaching/140.752/report/report.csv]
[www.psychologicalscience.org/journals/pspi/pspi_8_2_article.html]
[biostat.jhsph.edu/_iruczins/teaching/materials/read/r.sap.html]
[biostat.jhsph.edu/_iruczins/teaching/materials/read/r.rvd.html]
[biostat.jhsph.edu/_iruczins/teaching/materials/read/r.mrv.html]
[biostat.jhsph.edu/_iruczins/teaching/materials/read/r.sad.html]
[biostat.jhsph.edu/_iruczins/teaching/materials/read/r.cin.html]
[biostat.jhsph.edu/_iruczins/teaching/materials/read/r.hyt.html]
[biostat.jhsph.edu/_iruczins/teaching/materials/read/r.ssp.html]
[biostat.jhsph.edu/_iruczins/teaching/materials/read/r.cip.html]
[biostat.jhsph.edu/_iruczins/teaching/materials/read/r.mle.html]
[biostat.jhsph.edu/_iruczins/teaching/materials/read/r.gof.html]
[biostat.jhsph.edu/_iruczins/teaching/materials/read/r.av1.html]
[biostat.jhsph.edu/_iruczins/teaching/materials/read/r.av5.html]
[biostat.jhsph.edu/_iruczins/teaching/materials/read/r.av8.html]
[biostat.jhsph.edu/_iruczins/teaching/materials/read/r.av4.html]
[biostat.jhsph.edu/_iruczins/teaching/materials/read/r.av6.html]
[biostat.jhsph.edu/_iruczins/teaching/materials/read/r.av7.html]
[biostat.jhsph.edu/_iruczins/teaching/materials/read/r.lm0.html]
[biostat.jhsph.edu/_iruczins/teaching/materials/read/r.lm1.html]
[biostat.jhsph.edu/_iruczins/teaching/materials/read/r.lm2.html]
[biostat.jhsph.edu/_iruczins/teaching/materials/read/r.lm4.html]
[biostat.jhsph.edu/_iruczins/teaching/materials/read/r.nlr.html]
[biostat.jhsph.edu/_iruczins/teaching/materials/read/r.lor.html]
[biostat.jhsph.edu/_iruczins/teaching/materials/read/r.sur.html]
[biostat.jhsph.edu/_iruczins/teaching/materials/read/r.mco.html]
[biostat.jhsph.edu/_iruczins/teaching/materials/code/rac/c.rac.html]
[biostat.jhsph.edu/_iruczins/teaching/materials/code/spd/c.spd.html]
[biostat.jhsph.edu/_iruczins/teaching/materials/code/cin/c.cin.html]
[biostat.jhsph.edu/_iruczins/teaching/materials/code/cin/c.cin.a.html]
[biostat.jhsph.edu/_iruczins/teaching/materials/code/hyt/c.hyt.html]
[biostat.jhsph.edu/_iruczins/teaching/materials/code/ssp/c.ssp.a.html]
[biostat.jhsph.edu/_iruczins/teaching/materials/code/pnp/c.pnp.html]
[biostat.jhsph.edu/_iruczins/teaching/materials/code/cip/c.cip.html]
[biostat.jhsph.edu/_iruczins/teaching/materials/code/mle/c.mle.html]
[biostat.jhsph.edu/_iruczins/teaching/materials/code/mle/c.mle.a.html]
[biostat.jhsph.edu/_iruczins/teaching/materials/code/gof/c.gof.a.html]
[biostat.jhsph.edu/_iruczins/teaching/materials/code/cot/c.cot.html]
[biostat.jhsph.edu/_iruczins/teaching/materials/code/av1/c.av1.html]
[biostat.jhsph.edu/_iruczins/teaching/materials/code/av5/c.av5.html]
[biostat.jhsph.edu/_iruczins/teaching/materials/code/av5/c.av5.a.html]
[biostat.jhsph.edu/_iruczins/teaching/materials/code/av8/c.av8.html]
[biostat.jhsph.edu/_iruczins/teaching/materials/code/av4/c.av4.html]
[biostat.jhsph.edu/_iruczins/teaching/materials/code/av4/c.av4.a.html]
[biostat.jhsph.edu/_iruczins/teaching/materials/code/av6/c.av6.html]
[biostat.jhsph.edu/_iruczins/teaching/materials/code/av7/c.av7.html]
[biostat.jhsph.edu/_iruczins/teaching/materials/code/lm0/c.lm0.html]
[biostat.jhsph.edu/_iruczins/teaching/materials/code/lm1/c.lm1.html]
[biostat.jhsph.edu/_iruczins/teaching/materials/code/lm3/c.lm3.html]
[biostat.jhsph.edu/_iruczins/teaching/materials/code/lm3/c.lm3.a.html]
[biostat.jhsph.edu/_iruczins/teaching/materials/code/lm2/c.lm2.html]
[biostat.jhsph.edu/_iruczins/teaching/materials/code/lm4/c.lm4.html]
[biostat.jhsph.edu/_iruczins/teaching/materials/code/lm4/c.lm4.a.html]
[biostat.jhsph.edu/_iruczins/teaching/materials/code/nlr/c.nlr.html]
[biostat.jhsph.edu/_iruczins/teaching/materials/code/lor/c.lor.html]
[biostat.jhsph.edu/_iruczins/teaching/materials/code/lor/c.lor.a.html]
[biostat.jhsph.edu/_iruczins/teaching/materials/code/sur/c.sur.html]
[biostat.jhsph.edu/_iruczins/teaching/materials/code/mco/c.mco.a.html]
[biostat.jhsph.edu/_iruczins/teaching/materials/code/erp/c.erp.html]
[biostat.jhsph.edu/_iruczins/teaching/materials/code/pca/c.pca.html]
[biostat.jhsph.edu/_iruczins/teaching/materials/code/test.html]
[biostat.jhsph.edu/_iruczins/teaching/misc/annealing/animation.html]
[biostat.jhsph.edu/_iruczins/teaching/misc/gwas/ingo.frame.css]
[biostat.jhsph.edu/_iruczins/teaching/misc/perl.n.prot/getPdb.html]
[biostat.jhsph.edu/_iruczins/publications/publications.html]
[biostat.jhsph.edu/_iruczins/teaching/140.615/data/il10.csv]
[biostat.jhsph.edu/_iruczins/teaching/materials/code/me1/Popover requires tooltip.html]
[biostat.jhsph.edu/_iruczins/teaching/materials/code/me2/Popover requires tooltip.html]
[biostat.jhsph.edu/_iruczins/teaching/materials/code/rac/Popover requires tooltip.html]
[biostat.jhsph.edu/_iruczins/teaching/materials/code/spd/Popover requires tooltip.html]
[biostat.jhsph.edu/_iruczins/teaching/materials/code/rvd/Popover requires tooltip.html]
[biostat.jhsph.edu/_iruczins/teaching/materials/code/sad/Popover requires tooltip.html]
[biostat.jhsph.edu/_iruczins/teaching/materials/code/cin/Popover requires tooltip.html]
[biostat.jhsph.edu/_iruczins/teaching/materials/code/hyt/Popover requires tooltip.html]
[biostat.jhsph.edu/_iruczins/teaching/materials/code/ssp/Popover requires tooltip.html]
[biostat.jhsph.edu/_iruczins/teaching/materials/code/pnp/Popover requires tooltip.html]
[biostat.jhsph.edu/_iruczins/teaching/materials/code/cot/Popover requires tooltip.html]
[biostat.jhsph.edu/_iruczins/teaching/materials/code/av1/Popover requires tooltip.html]
[biostat.jhsph.edu/_iruczins/teaching/materials/code/av5/Popover requires tooltip.html]
[biostat.jhsph.edu/_iruczins/teaching/materials/code/av8/Popover requires tooltip.html]
[biostat.jhsph.edu/_iruczins/teaching/materials/code/av4/Popover requires tooltip.html]
[biostat.jhsph.edu/_iruczins/teaching/materials/code/av6/Popover requires tooltip.html]
[biostat.jhsph.edu/_iruczins/teaching/materials/code/av7/Popover requires tooltip.html]
[biostat.jhsph.edu/_iruczins/teaching/materials/code/lm0/Popover requires tooltip.html]
[biostat.jhsph.edu/_iruczins/teaching/materials/code/lm3/Popover requires tooltip.html]
[biostat.jhsph.edu/_iruczins/teaching/materials/code/lm2/Popover requires tooltip.html]
[biostat.jhsph.edu/_iruczins/teaching/materials/code/lm4/Popover requires tooltip.html]
[biostat.jhsph.edu/_iruczins/teaching/materials/code/nlr/Popover requires tooltip.html]
[biostat.jhsph.edu/_iruczins/teaching/materials/code/lor/Popover requires tooltip.html]
[biostat.jhsph.edu/_iruczins/teaching/materials/code/pca/Popover requires tooltip.html]
[biostat.jhsph.edu/_iruczins/teaching/practice/larget/larget.html]
[biostat.jhsph.edu/_iruczins/teaching/practice/larget/allocate.html]
[biostat.jhsph.edu/_iruczins/teaching/practice/larget/example13.html]
